Changed directory to /home/gmon2.

JobID: 61212914
======
Time: Mon May 16 15:08:16 BST 2022
Running on master node: cpu-e-208
Current directory: /home/gmon2
perl: warning: Setting locale failed.
perl: warning: Please check that your locale settings:
	LANGUAGE = (unset),
	LC_ALL = (unset),
	LANG = "C.UTF-8"
    are supported and installed on your system.
perl: warning: Falling back to the standard locale ("C").

Nodes allocated:
================
cpu-e-208

numtasks=1, numnodes=1, mpi_tasks_per_node=1 (OMP_NUM_THREADS=1)

Executing command:
==================
mpirun -ppn 1 -np 1 python3.6 DataGeneratorn1n2n3-Cluster.py 

/var/spool/slurm/slurmd/job61212914/slurm_script: line 77: ../.bashrc: No such file or directory
Traceback (most recent call last):
  File "DataGeneratorn1n2n3-Cluster.py", line 2, in <module>
    from scipy.special import jv
ModuleNotFoundError: No module named 'scipy'
